

Version:	3.50
CmdLine:	C:\Users\Admin\IdeaProjects\XiNoClo\XiNoClo.exe --l4j-debug
JNI:		No
WOW64:		Yes
Working dir:	C:\Users\Admin\IdeaProjects\XiNoClo\.
Requires JDK:	No
Requires 64-Bit: No
Java min ver:	1.011.000
Java max ver:	
Substitute:	EXEDIR = C:\Users\Admin\IdeaProjects\XiNoClo
JRE paths:	C:\Users\Admin\IdeaProjects\XiNoClo\jre
Check launcher:	C:\Users\Admin\IdeaProjects\XiNoClo\jre\bin\javaw.exe (not found)
64-bit search:	SOFTWARE\JavaSoft\Java Runtime Environment...
32-bit search:	SOFTWARE\JavaSoft\Java Runtime Environment...
Check:		SOFTWARE\JavaSoft\Java Runtime Environment\1.8
Version string: 1.008.000 / 32-Bit (Ignore)
Ignore:		1.008.000
Check:		SOFTWARE\JavaSoft\Java Runtime Environment\1.8.0_441
Version string: 1.008.000_441 / 32-Bit (Ignore)
Ignore:		1.008.000_441
64-bit search:	SOFTWARE\JavaSoft\Java Development Kit...
32-bit search:	SOFTWARE\JavaSoft\Java Development Kit...
64-bit search:	SOFTWARE\JavaSoft\JRE...
32-bit search:	SOFTWARE\JavaSoft\JRE...
64-bit search:	SOFTWARE\JavaSoft\JDK...
32-bit search:	SOFTWARE\JavaSoft\JDK...
64-bit search:	SOFTWARE\IBM\Java Runtime Environment...
32-bit search:	SOFTWARE\IBM\Java Runtime Environment...
64-bit search:	SOFTWARE\IBM\Java Development Kit...
32-bit search:	SOFTWARE\IBM\Java Development Kit...
64-bit search:	SOFTWARE\IBM\Java2 Runtime Environment...
32-bit search:	SOFTWARE\IBM\Java2 Runtime Environment...
64-bit search:	SOFTWARE\IBM\Java Development Kit...
32-bit search:	SOFTWARE\IBM\Java Development Kit...
Error msg:	This application requires a Java Runtime Environment 11


Version:	3.50
CmdLine:	C:\Users\Admin\IdeaProjects\XiNoClo\XiNoClo.exe --l4j-debug
JNI:		No
WOW64:		Yes
Working dir:	C:\Users\Admin\IdeaProjects\XiNoClo\.
Requires JDK:	No
Requires 64-Bit: No
Java min ver:	1.011.000
Java max ver:	
Substitute:	EXEDIR = C:\Users\Admin\IdeaProjects\XiNoClo
JRE paths:	C:\Users\Admin\IdeaProjects\XiNoClo\jre
Check launcher:	C:\Users\Admin\IdeaProjects\XiNoClo\jre\bin\javaw.exe (OK)
Version string: 1.011.000_027 / 64-Bit (OK)
Launcher:	C:\Users\Admin\IdeaProjects\XiNoClo\jre\bin\javaw.exe
Launcher args:	-jar "C:\Users\Admin\IdeaProjects\XiNoClo\XiNoClo.exe"
Args length:	54/32768 chars
Exit code:	0


Version:	3.50
CmdLine:	C:\Users\Admin\IdeaProjects\XiNoClo\XiNoClo.exe --l4j-debug
JNI:		No
WOW64:		Yes
Working dir:	C:\Users\Admin\IdeaProjects\XiNoClo\.
Requires JDK:	No
Requires 64-Bit: No
Java min ver:	1.011.000
Java max ver:	
Substitute:	EXEDIR = C:\Users\Admin\IdeaProjects\XiNoClo
JRE paths:	C:\Users\Admin\IdeaProjects\XiNoClo\jre
Check launcher:	C:\Users\Admin\IdeaProjects\XiNoClo\jre\bin\javaw.exe (OK)
Version string: 1.011.000_027 / 64-Bit (OK)
Launcher:	C:\Users\Admin\IdeaProjects\XiNoClo\jre\bin\javaw.exe
Launcher args:	-jar "C:\Users\Admin\IdeaProjects\XiNoClo\XiNoClo.exe"
Args length:	54/32768 chars
Exit code:	0


Version:	3.50
CmdLine:	C:\Users\Admin\IdeaProjects\XiNoClo\XiNoClo.exe --l4j-debug
JNI:		No
WOW64:		Yes
Working dir:	C:\Users\Admin\IdeaProjects\XiNoClo\.
Requires JDK:	No
Requires 64-Bit: No
Java min ver:	1.011.000
Java max ver:	
Substitute:	EXEDIR = C:\Users\Admin\IdeaProjects\XiNoClo
JRE paths:	C:\Users\Admin\IdeaProjects\XiNoClo\jre
Check launcher:	C:\Users\Admin\IdeaProjects\XiNoClo\jre\bin\javaw.exe (OK)
Version string: 1.011.000_027 / 64-Bit (OK)
Launcher:	C:\Users\Admin\IdeaProjects\XiNoClo\jre\bin\javaw.exe
Launcher args:	-jar "C:\Users\Admin\IdeaProjects\XiNoClo\XiNoClo.exe"
Args length:	54/32768 chars
Exit code:	0


Version:	3.50
CmdLine:	C:\Users\Admin\IdeaProjects\XiNoClo\XiNoClo.exe --l4j-debug
JNI:		No
WOW64:		Yes
Working dir:	C:\Users\Admin\IdeaProjects\XiNoClo\.
Requires JDK:	No
Requires 64-Bit: No
Java min ver:	1.011.000
Java max ver:	
Substitute:	EXEDIR = C:\Users\Admin\IdeaProjects\XiNoClo
JRE paths:	C:\Users\Admin\IdeaProjects\XiNoClo\jre
Check launcher:	C:\Users\Admin\IdeaProjects\XiNoClo\jre\bin\javaw.exe (OK)
Version string: 1.011.000_027 / 64-Bit (OK)
Launcher:	C:\Users\Admin\IdeaProjects\XiNoClo\jre\bin\javaw.exe
Launcher args:	-jar "C:\Users\Admin\IdeaProjects\XiNoClo\XiNoClo.exe"
Args length:	54/32768 chars
Exit code:	0
